"Task Aware Debugger for GDB" version 11.6.1 (202207200623)
(c) 2016-2022 NXP Semiconductors, Inc.
==================================
18:41:26.132 INFO: [TadModel] DSF session ID 16 has started.
18:41:33.711 INFO: [TadState] TAD state changed: DEBUG_STARTED -> DEBUG_INIT_0 (RESUMED, USER_REQUEST)
18:41:33.718 INFO: [TadState] TAD state changed: DEBUG_INIT_0 -> DEBUG_INIT_1 (SUSPENDED, SIGNAL)
18:41:34.839 INFO: [TadState] TAD state changed: DEBUG_INIT_1 -> DEBUG_SUSPENDED (RESUMED, USER_REQUEST)
18:41:34.876 INFO: [TadState] TAD state changed: DEBUG_SUSPENDED -> DEBUG_SUSPENDED (SUSPENDED, BREAKPOINT)
18:41:37.203 INFO: [TadState] TAD state changed: DEBUG_SUSPENDED -> DEBUG_RESUMED (RESUMED, USER_REQUEST)
18:42:04.919 INFO: [TadState] TAD state changed: DEBUG_RESUMED -> READY (SUSPENDED, SIGNAL)
18:42:04.921 INFO: [Benchmark] Loading data for "Determine RTOS version" has started.
18:42:04.931 INFO: [FreeRtosTadModel] Heap type (memory allocation scheme) has been identified from FreeRTOSDebugConfig structure as Heap #3. 
18:42:04.931 INFO: [FreeRtosTadModel] FreeRTOS version has been identified from FreeRTOSDebugConfig structure as 10.0.1.
18:42:04.931 INFO: [Benchmark] Loading data for "Determine RTOS version" took 10 ms.
18:42:04.931 INFO: [Benchmark] Loading data for "Task List" has started.
18:42:06.925 INFO: [TadModel] DSF session ID 16 has ended.
18:42:09.412 ERROR: [MemoryReader] Read bytes method timed out!
18:42:09.413 INFO: [FreeRTOS] RTOS macro "configUSE_MUTEXES" is disabled.
18:42:09.413 ERROR: [TaskFactory] Cannot read information from "pxDelayedTaskList".
18:42:09.413 ERROR: [TaskFactory] Cannot read information from "pxOverflowDelayedTaskList".
18:42:09.413 ERROR: [TaskFactory] Cannot read information from "xPendingReadyList".
18:42:09.413 ERROR: [TaskFactory] Cannot read information from "xSuspendedTaskList".
18:42:09.414 INFO: [Benchmark] Loading data for "Task List" took 4483 ms.
