"Task Aware Debugger for GDB" version 11.6.1 (202207200623)
(c) 2016-2022 NXP Semiconductors, Inc.
==================================
18:39:27.579 INFO: [TadModel] DSF session ID 14 has started.
18:39:35.879 INFO: [TadState] TAD state changed: DEBUG_STARTED -> DEBUG_INIT_0 (RESUMED, USER_REQUEST)
18:39:35.884 INFO: [TadState] TAD state changed: DEBUG_INIT_0 -> DEBUG_INIT_1 (SUSPENDED, SIGNAL)
18:39:37.144 INFO: [TadState] TAD state changed: DEBUG_INIT_1 -> DEBUG_SUSPENDED (RESUMED, USER_REQUEST)
18:39:37.181 INFO: [TadState] TAD state changed: DEBUG_SUSPENDED -> DEBUG_SUSPENDED (SUSPENDED, BREAKPOINT)
18:39:40.672 INFO: [TadState] TAD state changed: DEBUG_SUSPENDED -> DEBUG_RESUMED (RESUMED, USER_REQUEST)
18:40:25.101 INFO: [TadState] TAD state changed: DEBUG_RESUMED -> READY (SUSPENDED, SIGNAL)
18:40:25.572 INFO: [Benchmark] Loading data for "Determine RTOS version" has started.
18:40:25.583 ERROR: [VariableReader] Could not read variable expression: "&(FreeRTOSDebugConfig)".
18:40:25.584 ERROR: [VariableReader] Could not read variable expression: "sizeof(struct TaskControlBlock_t)".
18:40:25.585 ERROR: [VariableReader] Could not read variable expression: "&(((struct QueueDefinition *) 0)->pcTail)".
18:40:25.586 INFO: [FreeRtosTadModel] FreeRTOS version has been identified from available FreeRTOS symbols as 10.11.
18:40:25.586 INFO: [Benchmark] Loading data for "Determine RTOS version" took 14 ms.
18:40:25.586 INFO: [Benchmark] Loading data for "Task List" has started.
18:40:25.586 ERROR: [VariableReader] Could not read variable expression: "sizeof(xQueueRegistry)".
18:40:25.586 ERROR: [QueueFactory] Queue registry size is zero! Each queue must be registered with vQueueAddToRegistry() and configQUEUE_REGISTRY_SIZE macro 
must be greater than zero (found in FreeRTOSConfig.h)
18:40:25.587 ERROR: [VariableReader] Could not read variable expression: "sizeof(pxReadyTasksLists)".
18:40:25.587 ERROR: [TaskFactory] Could not get size of "pxReadyTasksLists"!
18:40:25.587 ERROR: [TaskFactory] Cannot display tasks from ready task list!
18:40:26.195 ERROR: [VariableReader] Could not read variable expression: "pxCurrentTCB".
18:40:26.195 ERROR: [TadFactory] Reading exception during: "readLongVariableSafely(pxCurrentTCB)"
18:40:26.197 ERROR: [VariableReader] Could not read variable expression: "ulTotalRunTime".
18:40:26.197 ERROR: [TaskFactory] ulTotalRunTime not available
18:40:26.201 ERROR: [VariableReader] Could not read variable expression: "pxDelayedTaskList.uxNumberOfItems".
18:40:26.201 ERROR: [TaskFactory] Cannot read information from "pxDelayedTaskList".
18:40:26.202 ERROR: [VariableReader] Could not read variable expression: "pxOverflowDelayedTaskList.uxNumberOfItems".
18:40:26.202 ERROR: [TaskFactory] Cannot read information from "pxOverflowDelayedTaskList".
18:40:26.203 ERROR: [VariableReader] Could not read variable expression: "xPendingReadyList.uxNumberOfItems".
18:40:26.203 ERROR: [TaskFactory] Cannot read information from "xPendingReadyList".
18:40:26.204 ERROR: [VariableReader] Could not read variable expression: "xSuspendedTaskList.uxNumberOfItems".
18:40:26.204 ERROR: [TaskFactory] Cannot read information from "xSuspendedTaskList".
18:40:26.204 INFO: [Benchmark] Loading data for "Task List" took 618 ms.
18:40:26.211 INFO: [TadModel] DSF session ID 14 has ended.
